mode: set
github.com/booscaaa/juno-go-sdk/juno/config.go:32.30,37.2 1 1
github.com/booscaaa/juno-go-sdk/juno/config.go:39.67,43.2 2 1
github.com/booscaaa/juno-go-sdk/juno/config.go:45.75,49.2 2 1
github.com/booscaaa/juno-go-sdk/juno/config.go:51.77,55.2 2 1
github.com/booscaaa/juno-go-sdk/juno/config.go:57.51,62.2 3 1
github.com/booscaaa/juno-go-sdk/juno/juno.go:15.13,17.2 1 1
github.com/booscaaa/juno-go-sdk/juno/juno.go:23.55,27.2 1 1
github.com/booscaaa/juno-go-sdk/juno/juno.go:29.70,43.16 9 1
github.com/booscaaa/juno-go-sdk/juno/juno.go:47.2,49.28 2 1
github.com/booscaaa/juno-go-sdk/juno/juno.go:43.16,45.3 1 0
github.com/booscaaa/juno-go-sdk/juno/juno.go:49.28,52.17 2 1
github.com/booscaaa/juno-go-sdk/juno/juno.go:56.3,56.29 1 1
github.com/booscaaa/juno-go-sdk/juno/juno.go:52.17,54.4 1 0
github.com/booscaaa/juno-go-sdk/juno/juno.go:57.8,61.3 2 0
github.com/booscaaa/juno-go-sdk/juno/juno.go:64.124,81.16 10 0
github.com/booscaaa/juno-go-sdk/juno/juno.go:85.2,85.28 1 0
github.com/booscaaa/juno-go-sdk/juno/juno.go:81.16,83.3 1 0
github.com/booscaaa/juno-go-sdk/juno/juno.go:85.28,88.17 2 0
github.com/booscaaa/juno-go-sdk/juno/juno.go:92.3,92.29 1 0
github.com/booscaaa/juno-go-sdk/juno/juno.go:88.17,90.4 1 0
github.com/booscaaa/juno-go-sdk/juno/juno.go:93.8,97.3 2 0
github.com/booscaaa/juno-go-sdk/juno/juno.go:100.93,111.16 8 0
github.com/booscaaa/juno-go-sdk/juno/juno.go:115.2,115.28 1 0
github.com/booscaaa/juno-go-sdk/juno/juno.go:111.16,113.3 1 0
github.com/booscaaa/juno-go-sdk/juno/juno.go:115.28,118.17 2 0
github.com/booscaaa/juno-go-sdk/juno/juno.go:122.3,122.20 1 0
github.com/booscaaa/juno-go-sdk/juno/juno.go:118.17,120.4 1 0
github.com/booscaaa/juno-go-sdk/juno/juno.go:123.8,127.3 2 0
